########### array before sorts ###########
0	8.890000	-8.890000	94.920000	-8.890000	n
1	94.920000	-8.890000	94.920000	62.220000	n
2	94.920000	62.220000	8.890000	62.220000	n
3	8.890000	62.220000	8.890000	-8.890000	n
Tolerance=0.050000.
*Exact match for i=0 and j=1.
*i point 8.890000	-8.890000	94.920000	-8.890000	y
*Exact match for i=1 and j=2.
*i point 94.920000	-8.890000	94.920000	62.220000	y
*Exact match for i=2 and j=3.
*i point 94.920000	62.220000	8.890000	62.220000	y
########### array after sorts ###########
0	8.890000	-8.890000	94.920000	-8.890000	y
1	94.920000	-8.890000	94.920000	62.220000	y
2	94.920000	62.220000	8.890000	62.220000	y
3	8.890000	62.220000	8.890000	-8.890000	y
***************
.BOARD_OUTLINE UNOWNED
1.6
0     8.890000     -8.890000     0
0     94.920000     -8.890000     0
0     94.920000     62.220000     0
0     8.890000     62.220000     0
0     8.890000     -8.890000     0
